<?xml version="1.0" encoding="UTF-8"?>
<testng-results skipped="0" failed="0" total="2" passed="2">
  <reporter-output>
  </reporter-output>
  <suite name="TEST" duration-ms="23456" started-at="2018-07-18T12:10:35Z" finished-at="2018-07-18T12:10:58Z">
    <groups>
    </groups>
    <test name="testing" duration-ms="23456" started-at="2018-07-18T12:10:35Z" finished-at="2018-07-18T12:10:58Z">
      <class name="testRun.LoginTestRun">
        <test-method status="PASS" signature="setup1()[pri:0, instance:testRun.LoginTestRun@13805618]" name="setup1" is-config="true" duration-ms="20433" started-at="2018-07-18T17:40:35Z" finished-at="2018-07-18T17:40:55Z">
          <reporter-output>
          </reporter-output>
        </test-method> <!-- setup1 -->
        <test-method status="PASS" signature="clearall()[pri:0, instance:testRun.LoginTestRun@13805618]" name="clearall" is-config="true" duration-ms="93" started-at="2018-07-18T17:40:55Z" finished-at="2018-07-18T17:40:56Z">
          <reporter-output>
          </reporter-output>
        </test-method> <!-- clearall -->
        <test-method status="PASS" signature="loginInvalidData()[pri:1, instance:testRun.LoginTestRun@13805618]" name="loginInvalidData" duration-ms="640" started-at="2018-07-18T17:40:56Z" finished-at="2018-07-18T17:40:56Z">
          <reporter-output>
          </reporter-output>
        </test-method> <!-- loginInvalidData -->
        <test-method status="PASS" signature="clearall()[pri:0, instance:testRun.LoginTestRun@13805618]" name="clearall" is-config="true" duration-ms="73" started-at="2018-07-18T17:40:56Z" finished-at="2018-07-18T17:40:56Z">
          <reporter-output>
          </reporter-output>
        </test-method> <!-- clearall -->
        <test-method status="PASS" signature="loginValidData()[pri:2, instance:testRun.LoginTestRun@13805618]" name="loginValidData" duration-ms="2189" started-at="2018-07-18T17:40:56Z" finished-at="2018-07-18T17:40:58Z">
          <reporter-output>
          </reporter-output>
        </test-method> <!-- loginValidData -->
      </class> <!-- testRun.LoginTestRun -->
    </test> <!-- testing -->
  </suite> <!-- TEST -->
</testng-results>
